# JRE version: OpenJDK Runtime Environment (8.0_152-b02) (build 1.8.0_152-release-1024-b02)
# Java VM: OpenJDK 64-Bit Server VM (25.152-b02 mixed mode windows-amd64 compressed oops)
Heap:
 PSYoungGen      total 326144K, used 163457K [0x00000000e0000000, 0x00000000f5800000, 0x0000000100000000)
  eden space 303104K, 47% used [0x00000000e0000000,0x00000000e8ccb8c0,0x00000000f2800000)
  from space 23040K, 83% used [0x00000000f4180000,0x00000000f5454d58,0x00000000f5800000)
  to   space 24576K, 0% used [0x00000000f2800000,0x00000000f2800000,0x00000000f4000000)
 ParOldGen       total 155136K, used 43028K [0x00000000a0000000, 0x00000000a9780000, 0x00000000e0000000)
  object space 155136K, 27% used [0x00000000a0000000,0x00000000a2a05140,0x00000000a9780000)
 Metaspace       used 79378K, capacity 82732K, committed 82944K, reserved 1122304K
  class space    used 10145K, capacity 10899K, committed 11008K, reserved 1048576K
GC Heap History (10 events):
Event: 29.082 GC heap before
{Heap before GC invocations=15 (full 3):
 PSYoungGen      total 200704K, used 178688K [0x00000000e0000000, 0x00000000f1a00000, 0x0000000100000000)
  eden space 178688K, 100% used [0x00000000e0000000,0x00000000eae80000,0x00000000eae80000)
  from space 22016K, 0% used [0x00000000eae80000,0x00000000eae80000,0x00000000ec400000)
  to   space 23040K, 0% used [0x00000000f0380000,0x00000000f0380000,0x00000000f1a00000)
 ParOldGen       total 155136K, used 42988K [0x00000000a0000000, 0x00000000a9780000, 0x00000000e0000000)
  object space 155136K, 27% used [0x00000000a0000000,0x00000000a29fb140,0x00000000a9780000)
 Metaspace       used 64563K, capacity 66812K, committed 67072K, reserved 1107968K
  class space    used 8540K, capacity 9123K, committed 9216K, reserved 1048576K
Event: 29.107 GC heap after
Heap after GC invocations=15 (full 3):
 PSYoungGen      total 240128K, used 17988K [0x00000000e0000000, 0x00000000f1580000, 0x0000000100000000)
  eden space 221696K, 0% used [0x00000000e0000000,0x00000000e0000000,0x00000000ed880000)
  from space 18432K, 97% used [0x00000000f0380000,0x00000000f1511090,0x00000000f1580000)
  to   space 24576K, 0% used [0x00000000ee580000,0x00000000ee580000,0x00000000efd80000)
 ParOldGen       total 155136K, used 42996K [0x00000000a0000000, 0x00000000a9780000, 0x00000000e0000000)
  object space 155136K, 27% used [0x00000000a0000000,0x00000000a29fd140,0x00000000a9780000)
 Metaspace       used 64563K, capacity 66812K, committed 67072K, reserved 1107968K
  class space    used 8540K, capacity 9123K, committed 9216K, reserved 1048576K
}
Event: 131.729 GC heap before
{Heap before GC invocations=16 (full 3):
 PSYoungGen      total 240128K, used 239684K [0x00000000e0000000, 0x00000000f1580000, 0x0000000100000000)
  eden space 221696K, 100% used [0x00000000e0000000,0x00000000ed880000,0x00000000ed880000)
  from space 18432K, 97% used [0x00000000f0380000,0x00000000f1511090,0x00000000f1580000)
  to   space 24576K, 0% used [0x00000000ee580000,0x00000000ee580000,0x00000000efd80000)
 ParOldGen       total 155136K, used 42996K [0x00000000a0000000, 0x00000000a9780000, 0x00000000e0000000)
  object space 155136K, 27% used [0x00000000a0000000,0x00000000a29fd140,0x00000000a9780000)
 Metaspace       used 69471K, capacity 72058K, committed 72192K, reserved 1112064K
  class space    used 9001K, capacity 9610K, committed 9728K, reserved 1048576K
Event: 131.747 GC heap after
Heap after GC invocations=16 (full 3):
 PSYoungGen      total 259584K, used 11928K [0x00000000e0000000, 0x00000000f3180000, 0x0000000100000000)
  eden space 235008K, 0% used [0x00000000e0000000,0x00000000e0000000,0x00000000ee580000)
  from space 24576K, 48% used [0x00000000ee580000,0x00000000ef1262c0,0x00000000efd80000)
  to   space 23552K, 0% used [0x00000000f1a80000,0x00000000f1a80000,0x00000000f3180000)
 ParOldGen       total 155136K, used 43004K [0x00000000a0000000, 0x00000000a9780000, 0x00000000e0000000)
  object space 155136K, 27% used [0x00000000a0000000,0x00000000a29ff140,0x00000000a9780000)
 Metaspace       used 69471K, capacity 72058K, committed 72192K, reserved 1112064K
  class space    used 9001K, capacity 9610K, committed 9728K, reserved 1048576K
}
Event: 2973.554 GC heap before
{Heap before GC invocations=17 (full 3):
 PSYoungGen      total 259584K, used 246936K [0x00000000e0000000, 0x00000000f3180000, 0x0000000100000000)
  eden space 235008K, 100% used [0x00000000e0000000,0x00000000ee580000,0x00000000ee580000)
  from space 24576K, 48% used [0x00000000ee580000,0x00000000ef1262c0,0x00000000efd80000)
  to   space 23552K, 0% used [0x00000000f1a80000,0x00000000f1a80000,0x00000000f3180000)
 ParOldGen       total 155136K, used 43004K [0x00000000a0000000, 0x00000000a9780000, 0x00000000e0000000)
  object space 155136K, 27% used [0x00000000a0000000,0x00000000a29ff140,0x00000000a9780000)
 Metaspace       used 70974K, capacity 73844K, committed 74112K, reserved 1114112K
  class space    used 9147K, capacity 9805K, committed 9856K, reserved 1048576K
Event: 2973.581 GC heap after
Heap after GC invocations=17 (full 3):
 PSYoungGen      total 290304K, used 10340K [0x00000000e0000000, 0x00000000f3700000, 0x0000000100000000)
  eden space 266752K, 0% used [0x00000000e0000000,0x00000000e0000000,0x00000000f0480000)
  from space 23552K, 43% used [0x00000000f1a80000,0x00000000f24990d0,0x00000000f3180000)
  to   space 22528K, 0% used [0x00000000f0480000,0x00000000f0480000,0x00000000f1a80000)
 ParOldGen       total 155136K, used 43012K [0x00000000a0000000, 0x00000000a9780000, 0x00000000e0000000)
  object space 155136K, 27% used [0x00000000a0000000,0x00000000a2a01140,0x00000000a9780000)
 Metaspace       used 70974K, capacity 73844K, committed 74112K, reserved 1114112K
  class space    used 9147K, capacity 9805K, committed 9856K, reserved 1048576K
}
Event: 2976.974 GC heap before
{Heap before GC invocations=18 (full 3):
 PSYoungGen      total 290304K, used 277092K [0x00000000e0000000, 0x00000000f3700000, 0x0000000100000000)
  eden space 266752K, 100% used [0x00000000e0000000,0x00000000f0480000,0x00000000f0480000)
  from space 23552K, 43% used [0x00000000f1a80000,0x00000000f24990d0,0x00000000f3180000)
  to   space 22528K, 0% used [0x00000000f0480000,0x00000000f0480000,0x00000000f1a80000)
 ParOldGen       total 155136K, used 43012K [0x00000000a0000000, 0x00000000a9780000, 0x00000000e0000000)
  object space 155136K, 27% used [0x00000000a0000000,0x00000000a2a01140,0x00000000a9780000)
 Metaspace       used 76599K, capacity 79488K, committed 79616K, reserved 1118208K
  class space    used 9777K, capacity 10449K, committed 10496K, reserved 1048576K
Event: 2977.001 GC heap after
Heap after GC invocations=18 (full 3):
 PSYoungGen      total 289280K, used 15515K [0x00000000e0000000, 0x00000000f5800000, 0x0000000100000000)
  eden space 266752K, 0% used [0x00000000e0000000,0x00000000e0000000,0x00000000f0480000)
  from space 22528K, 68% used [0x00000000f0480000,0x00000000f13a6ca0,0x00000000f1a80000)
  to   space 23040K, 0% used [0x00000000f4180000,0x00000000f4180000,0x00000000f5800000)
 ParOldGen       total 155136K, used 43020K [0x00000000a0000000, 0x00000000a9780000, 0x00000000e0000000)
  object space 155136K, 27% used [0x00000000a0000000,0x00000000a2a03140,0x00000000a9780000)
 Metaspace       used 76599K, capacity 79488K, committed 79616K, reserved 1118208K
  class space    used 9777K, capacity 10449K, committed 10496K, reserved 1048576K
}
Event: 2981.530 GC heap before
{Heap before GC invocations=19 (full 3):
 PSYoungGen      total 289280K, used 281530K [0x00000000e0000000, 0x00000000f5800000, 0x0000000100000000)
  eden space 266752K, 99% used [0x00000000e0000000,0x00000000f03c7ba0,0x00000000f0480000)
  from space 22528K, 68% used [0x00000000f0480000,0x00000000f13a6ca0,0x00000000f1a80000)
  to   space 23040K, 0% used [0x00000000f4180000,0x00000000f4180000,0x00000000f5800000)
 ParOldGen       total 155136K, used 43020K [0x00000000a0000000, 0x00000000a9780000, 0x00000000e0000000)
  object space 155136K, 27% used [0x00000000a0000000,0x00000000a2a03140,0x00000000a9780000)
 Metaspace       used 77861K, capacity 80920K, committed 81152K, reserved 1120256K
  class space    used 9950K, capacity 10639K, committed 10752K, reserved 1048576K
Event: 2981.567 GC heap after
Heap after GC invocations=19 (full 3):
 PSYoungGen      total 326144K, used 19283K [0x00000000e0000000, 0x00000000f5800000, 0x0000000100000000)
  eden space 303104K, 0% used [0x00000000e0000000,0x00000000e0000000,0x00000000f2800000)
  from space 23040K, 83% used [0x00000000f4180000,0x00000000f5454d58,0x00000000f5800000)
  to   space 24576K, 0% used [0x00000000f2800000,0x00000000f2800000,0x00000000f4000000)
 ParOldGen       total 155136K, used 43028K [0x00000000a0000000, 0x00000000a9780000, 0x00000000e0000000)
  object space 155136K, 27% used [0x00000000a0000000,0x00000000a2a05140,0x00000000a9780000)
 Metaspace       used 77861K, capacity 80920K, committed 81152K, reserved 1120256K
  class space    used 9950K, capacity 10639K, committed 10752K, reserved 1048576K
}

