# JRE version: OpenJDK Runtime Environment (8.0_152-b02) (build 1.8.0_152-release-1024-b02)
# Java VM: OpenJDK 64-Bit Server VM (25.152-b02 mixed mode windows-amd64 compressed oops)
Heap:
 PSYoungGen      total 482304K, used 34949K [0x00000000e0000000, 0x0000000100000000, 0x0000000100000000)
  eden space 446464K, 1% used [0x00000000e0000000,0x00000000e054b738,0x00000000fb400000)
  from space 35840K, 82% used [0x00000000fdd00000,0x00000000ff9d5e50,0x0000000100000000)
  to   space 38912K, 0% used [0x00000000fb400000,0x00000000fb400000,0x00000000fda00000)
 ParOldGen       total 147968K, used 48441K [0x00000000a0000000, 0x00000000a9080000, 0x00000000e0000000)
  object space 147968K, 32% used [0x00000000a0000000,0x00000000a2f4e4f8,0x00000000a9080000)
 Metaspace       used 80549K, capacity 84154K, committed 84184K, reserved 1122304K
  class space    used 10314K, capacity 11000K, committed 11008K, reserved 1048576K
GC Heap History (10 events):
Event: 32.965 GC heap before
{Heap before GC invocations=21 (full 3):
 PSYoungGen      total 322560K, used 315433K [0x00000000e0000000, 0x00000000f8780000, 0x0000000100000000)
  eden space 300032K, 100% used [0x00000000e0000000,0x00000000f2500000,0x00000000f2500000)
  from space 22528K, 68% used [0x00000000f2500000,0x00000000f340a4d0,0x00000000f3b00000)
  to   space 22528K, 0% used [0x00000000f7180000,0x00000000f7180000,0x00000000f8780000)
 ParOldGen       total 147968K, used 31368K [0x00000000a0000000, 0x00000000a9080000, 0x00000000e0000000)
  object space 147968K, 21% used [0x00000000a0000000,0x00000000a1ea2338,0x00000000a9080000)
 Metaspace       used 73738K, capacity 76358K, committed 76504K, reserved 1116160K
  class space    used 9604K, capacity 10130K, committed 10240K, reserved 1048576K
Event: 32.992 GC heap after
Heap after GC invocations=21 (full 3):
 PSYoungGen      total 370176K, used 9202K [0x00000000e0000000, 0x00000000f8300000, 0x0000000100000000)
  eden space 352256K, 0% used [0x00000000e0000000,0x00000000e0000000,0x00000000f5800000)
  from space 17920K, 51% used [0x00000000f7180000,0x00000000f7a7c8a0,0x00000000f8300000)
  to   space 22016K, 0% used [0x00000000f5800000,0x00000000f5800000,0x00000000f6d80000)
 ParOldGen       total 147968K, used 31376K [0x00000000a0000000, 0x00000000a9080000, 0x00000000e0000000)
  object space 147968K, 21% used [0x00000000a0000000,0x00000000a1ea4338,0x00000000a9080000)
 Metaspace       used 73738K, capacity 76358K, committed 76504K, reserved 1116160K
  class space    used 9604K, capacity 10130K, committed 10240K, reserved 1048576K
}
Event: 35.871 GC heap before
{Heap before GC invocations=22 (full 3):
 PSYoungGen      total 370176K, used 361458K [0x00000000e0000000, 0x00000000f8300000, 0x0000000100000000)
  eden space 352256K, 100% used [0x00000000e0000000,0x00000000f5800000,0x00000000f5800000)
  from space 17920K, 51% used [0x00000000f7180000,0x00000000f7a7c8a0,0x00000000f8300000)
  to   space 22016K, 0% used [0x00000000f5800000,0x00000000f5800000,0x00000000f6d80000)
 ParOldGen       total 147968K, used 31376K [0x00000000a0000000, 0x00000000a9080000, 0x00000000e0000000)
  object space 147968K, 21% used [0x00000000a0000000,0x00000000a1ea4338,0x00000000a9080000)
 Metaspace       used 74612K, capacity 77360K, committed 77656K, reserved 1116160K
  class space    used 9681K, capacity 10265K, committed 10368K, reserved 1048576K
Event: 35.909 GC heap after
Heap after GC invocations=22 (full 3):
 PSYoungGen      total 374272K, used 21984K [0x00000000e0000000, 0x00000000fc680000, 0x0000000100000000)
  eden space 352256K, 0% used [0x00000000e0000000,0x00000000e0000000,0x00000000f5800000)
  from space 22016K, 99% used [0x00000000f5800000,0x00000000f6d78350,0x00000000f6d80000)
  to   space 27648K, 0% used [0x00000000fab80000,0x00000000fab80000,0x00000000fc680000)
 ParOldGen       total 147968K, used 38522K [0x00000000a0000000, 0x00000000a9080000, 0x00000000e0000000)
  object space 147968K, 26% used [0x00000000a0000000,0x00000000a259eb80,0x00000000a9080000)
 Metaspace       used 74612K, capacity 77360K, committed 77656K, reserved 1116160K
  class space    used 9681K, capacity 10265K, committed 10368K, reserved 1048576K
}
Event: 37.142 GC heap before
{Heap before GC invocations=23 (full 3):
 PSYoungGen      total 374272K, used 373686K [0x00000000e0000000, 0x00000000fc680000, 0x0000000100000000)
  eden space 352256K, 99% used [0x00000000e0000000,0x00000000f5775618,0x00000000f5800000)
  from space 22016K, 99% used [0x00000000f5800000,0x00000000f6d78350,0x00000000f6d80000)
  to   space 27648K, 0% used [0x00000000fab80000,0x00000000fab80000,0x00000000fc680000)
 ParOldGen       total 147968K, used 38522K [0x00000000a0000000, 0x00000000a9080000, 0x00000000e0000000)
  object space 147968K, 26% used [0x00000000a0000000,0x00000000a259eb80,0x00000000a9080000)
 Metaspace       used 75907K, capacity 78990K, committed 79192K, reserved 1118208K
  class space    used 9882K, capacity 10510K, committed 10624K, reserved 1048576K
Event: 37.207 GC heap after
Heap after GC invocations=23 (full 3):
 PSYoungGen      total 434176K, used 26777K [0x00000000e0000000, 0x00000000fd880000, 0x0000000100000000)
  eden space 406528K, 0% used [0x00000000e0000000,0x00000000e0000000,0x00000000f8d00000)
  from space 27648K, 96% used [0x00000000fab80000,0x00000000fc5a6638,0x00000000fc680000)
  to   space 31232K, 0% used [0x00000000f8d00000,0x00000000f8d00000,0x00000000fab80000)
 ParOldGen       total 147968K, used 40521K [0x00000000a0000000, 0x00000000a9080000, 0x00000000e0000000)
  object space 147968K, 27% used [0x00000000a0000000,0x00000000a27926f8,0x00000000a9080000)
 Metaspace       used 75907K, capacity 78990K, committed 79192K, reserved 1118208K
  class space    used 9882K, capacity 10510K, committed 10624K, reserved 1048576K
}
Event: 53.257 GC heap before
{Heap before GC invocations=24 (full 3):
 PSYoungGen      total 434176K, used 433172K [0x00000000e0000000, 0x00000000fd880000, 0x0000000100000000)
  eden space 406528K, 99% used [0x00000000e0000000,0x00000000f8cdec90,0x00000000f8d00000)
  from space 27648K, 96% used [0x00000000fab80000,0x00000000fc5a6638,0x00000000fc680000)
  to   space 31232K, 0% used [0x00000000f8d00000,0x00000000f8d00000,0x00000000fab80000)
 ParOldGen       total 147968K, used 40521K [0x00000000a0000000, 0x00000000a9080000, 0x00000000e0000000)
  object space 147968K, 27% used [0x00000000a0000000,0x00000000a27926f8,0x00000000a9080000)
 Metaspace       used 79526K, capacity 83062K, committed 83160K, reserved 1122304K
  class space    used 10221K, capacity 10912K, committed 11008K, reserved 1048576K
Event: 53.301 GC heap after
Heap after GC invocations=24 (full 3):
 PSYoungGen      total 437760K, used 31230K [0x00000000e0000000, 0x0000000100000000, 0x0000000100000000)
  eden space 406528K, 0% used [0x00000000e0000000,0x00000000e0000000,0x00000000f8d00000)
  from space 31232K, 99% used [0x00000000f8d00000,0x00000000fab7fab0,0x00000000fab80000)
  to   space 35840K, 0% used [0x00000000fdd00000,0x00000000fdd00000,0x0000000100000000)
 ParOldGen       total 147968K, used 41564K [0x00000000a0000000, 0x00000000a9080000, 0x00000000e0000000)
  object space 147968K, 28% used [0x00000000a0000000,0x00000000a2897150,0x00000000a9080000)
 Metaspace       used 79526K, capacity 83062K, committed 83160K, reserved 1122304K
  class space    used 10221K, capacity 10912K, committed 11008K, reserved 1048576K
}
Event: 61.294 GC heap before
{Heap before GC invocations=25 (full 3):
 PSYoungGen      total 437760K, used 437717K [0x00000000e0000000, 0x0000000100000000, 0x0000000100000000)
  eden space 406528K, 99% used [0x00000000e0000000,0x00000000f8cf5958,0x00000000f8d00000)
  from space 31232K, 99% used [0x00000000f8d00000,0x00000000fab7fab0,0x00000000fab80000)
  to   space 35840K, 0% used [0x00000000fdd00000,0x00000000fdd00000,0x0000000100000000)
 ParOldGen       total 147968K, used 41564K [0x00000000a0000000, 0x00000000a9080000, 0x00000000e0000000)
  object space 147968K, 28% used [0x00000000a0000000,0x00000000a2897150,0x00000000a9080000)
 Metaspace       used 80549K, capacity 84154K, committed 84184K, reserved 1122304K
  class space    used 10314K, capacity 11000K, committed 11008K, reserved 1048576K
Event: 61.372 GC heap after
Heap after GC invocations=25 (full 3):
 PSYoungGen      total 482304K, used 29527K [0x00000000e0000000, 0x0000000100000000, 0x0000000100000000)
  eden space 446464K, 0% used [0x00000000e0000000,0x00000000e0000000,0x00000000fb400000)
  from space 35840K, 82% used [0x00000000fdd00000,0x00000000ff9d5e50,0x0000000100000000)
  to   space 38912K, 0% used [0x00000000fb400000,0x00000000fb400000,0x00000000fda00000)
 ParOldGen       total 147968K, used 48441K [0x00000000a0000000, 0x00000000a9080000, 0x00000000e0000000)
  object space 147968K, 32% used [0x00000000a0000000,0x00000000a2f4e4f8,0x00000000a9080000)
 Metaspace       used 80549K, capacity 84154K, committed 84184K, reserved 1122304K
  class space    used 10314K, capacity 11000K, committed 11008K, reserved 1048576K
}

